<?xml version="1.0" encoding="UTF-8"?>
<!-- Generated by org.testng.reporters.JUnitXMLReporter -->
<testsuite ignored="2" hostname="LAPTOP-R8ICE530" failures="0" tests="3" name="sanity" time="0.051" errors="0" timestamp="2023-03-21T12:49:30 PDT">
  <testcase classname="demopackage.Group_Demo" name="tc2" time="0.011"/>
  <testcase classname="demopackage.Group_Demo" name="tc3" time="0.001"/>
  <testcase classname="demopackage.Group_Demo" name="tc4" time="0.0"/>
  <testcase classname="demopackage.Group_Demo" name="tc1" time="0.0">
    <ignored/>
  </testcase> <!-- tc1 -->
  <testcase classname="demopackage.Group_Demo" name="tc5" time="0.0">
    <ignored/>
  </testcase> <!-- tc5 -->
</testsuite> <!-- sanity -->
