<?xml version="1.0" encoding="UTF-8"?>
<!-- Generated by org.testng.reporters.JUnitXMLReporter -->
<testsuite ignored="6" hostname="LAPTOP-R8ICE530" failures="0" tests="4" name="smoke" time="0.05" errors="0" timestamp="2023-03-21T13:13:03 PDT">
  <testcase classname="demopackage.Group_Demo" name="tc1" time="0.007"/>
  <testcase classname="demopackage.Group_Demo" name="tc3" time="0.001"/>
  <testcase classname="demopackage.Group_Demo1" name="tc6" time="0.001"/>
  <testcase classname="demopackage.Group_Demo1" name="tc8" time="0.001"/>
  <testcase classname="demopackage.Group_Demo" name="tc4" time="0.0">
    <ignored/>
  </testcase> <!-- tc4 -->
  <testcase classname="demopackage.Group_Demo" name="tc2" time="0.0">
    <ignored/>
  </testcase> <!-- tc2 -->
  <testcase classname="demopackage.Group_Demo1" name="tc9" time="0.0">
    <ignored/>
  </testcase> <!-- tc9 -->
  <testcase classname="demopackage.Group_Demo1" name="tc7" time="0.0">
    <ignored/>
  </testcase> <!-- tc7 -->
  <testcase classname="demopackage.Group_Demo1" name="tc10" time="0.0">
    <ignored/>
  </testcase> <!-- tc10 -->
  <testcase classname="demopackage.Group_Demo" name="tc5" time="0.0">
    <ignored/>
  </testcase> <!-- tc5 -->
</testsuite> <!-- smoke -->
