<?xml version="1.0" encoding="UTF-8"?>
<!-- Generated by org.testng.reporters.JUnitXMLReporter -->
<testsuite ignored="3" hostname="LAPTOP-R8ICE530" failures="0" tests="2" name="Test" time="0.046" errors="0" timestamp="2023-03-21T12:21:44 PDT">
  <testcase classname="demopackage.Group_Demo" name="tc1" time="0.007"/>
  <testcase classname="demopackage.Group_Demo" name="tc3" time="0.001"/>
  <testcase classname="demopackage.Group_Demo" name="tc4" time="0.0">
    <ignored/>
  </testcase> <!-- tc4 -->
  <testcase classname="demopackage.Group_Demo" name="tc2" time="0.0">
    <ignored/>
  </testcase> <!-- tc2 -->
  <testcase classname="demopackage.Group_Demo" name="tc5" time="0.0">
    <ignored/>
  </testcase> <!-- tc5 -->
</testsuite> <!-- Test -->
